<?xml version="1.0" encoding="UTF-8"?>
<testsuite xmlns:xsi="http://www.w3.org/2001/XMLSchema-instance" xsi:noNamespaceSchemaLocation="https://maven.apache.org/surefire/maven-surefire-plugin/xsd/surefire-test-report-3.0.xsd" version="3.0" name="com.company.polizas.PolizasApiIntegrationTest" time="1.921" tests="5" errors="0" skipped="0" failures="0">
  <properties>
[...]
</properties>
  <testcase name="renovarPolizaCanceladaRetorna400" classname="com.company.polizas.PolizasApiIntegrationTest" time="0.293">
    <system-out><![CDATA[07:59:04.160 [main] INFO org.springframework.test.context.support.AnnotationConfigContextLoaderUtils -- Could not detect default configuration classes for test class [com.company.polizas.PolizasApiIntegrationTest]: PolizasApiIntegrationTest does not declare any static, non-private, non-final, nested classes annotated with @Configuration.
07:59:04.199 [main] INFO org.springframework.boot.test.context.SpringBootTestContextBootstrapper -- Found @SpringBootConfiguration com.company.polizas.PolizasApplication for test class com.company.polizas.PolizasApiIntegrationTest

  .   ____          _            __ _ _
 /\\ / ___'_ __ _ _(_)_ __  __ _ \ \ \ \
( ( )\___ | '_ | '_| | '_ \/ _` | \ \ \ \
 \\/  ___)| |_)| | | | | || (_| |  ) ) ) )
  '  |____| .__|_| |_|_| |_\__, | / / / /
 =========|_|==============|___/=/_/_/_/

 :: Spring Boot ::                (v3.3.8)

2026-03-06T07:59:04.339-05:00  INFO 6226 --- [polizas-api] [           main] c.c.polizas.PolizasApiIntegrationTest    : Starting PolizasApiIntegrationTest using Java 25.0.2 with PID 6226 (started by andersonlugo in /Users/andersonlugo/Library/CloudStorage/SynologyDrive-on-demand/works/GitHub/prueba-seguros-bolivar)
2026-03-06T07:59:04.340-05:00  INFO 6226 --- [polizas-api] [           main] c.c.polizas.PolizasApiIntegrationTest    : No active profile set, falling back to 1 default profile: "default"
2026-03-06T07:59:04.548-05:00  INFO 6226 --- [polizas-api] [           main] .s.d.r.c.RepositoryConfigurationDelegate : Bootstrapping Spring Data JPA repositories in DEFAULT mode.
2026-03-06T07:59:04.569-05:00  INFO 6226 --- [polizas-api] [           main] .s.d.r.c.RepositoryConfigurationDelegate : Finished Spring Data repository scanning in 18 ms. Found 2 JPA repository interfaces.
2026-03-06T07:59:04.710-05:00  INFO 6226 --- [polizas-api] [           main] o.hibernate.jpa.internal.util.LogHelper  : HHH000204: Processing PersistenceUnitInfo [name: default]
2026-03-06T07:59:04.736-05:00  INFO 6226 --- [polizas-api] [           main] org.hibernate.Version                    : HHH000412: Hibernate ORM core version 6.5.3.Final
2026-03-06T07:59:04.748-05:00  INFO 6226 --- [polizas-api] [           main] o.h.c.internal.RegionFactoryInitiator    : HHH000026: Second-level cache disabled
2026-03-06T07:59:04.859-05:00  INFO 6226 --- [polizas-api] [           main] o.s.o.j.p.SpringPersistenceUnitInfo      : No LoadTimeWeaver setup: ignoring JPA class transformer
2026-03-06T07:59:04.870-05:00  INFO 6226 --- [polizas-api] [           main] com.zaxxer.hikari.HikariDataSource       : HikariPool-1 - Starting...
2026-03-06T07:59:04.925-05:00  INFO 6226 --- [polizas-api] [           main] com.zaxxer.hikari.pool.HikariPool        : HikariPool-1 - Added connection conn0: url=jdbc:h2:mem:polizasdb user=SA
2026-03-06T07:59:04.925-05:00  INFO 6226 --- [polizas-api] [           main] com.zaxxer.hikari.HikariDataSource       : HikariPool-1 - Start completed.
2026-03-06T07:59:05.232-05:00  INFO 6226 --- [polizas-api] [           main] o.h.e.t.j.p.i.JtaPlatformInitiator       : HHH000489: No JTA platform available (set 'hibernate.transaction.jta.platform' to enable JTA platform integration)
2026-03-06T07:59:05.246-05:00  INFO 6226 --- [polizas-api] [           main] j.LocalContainerEntityManagerFactoryBean : Initialized JPA EntityManagerFactory for persistence unit 'default'
2026-03-06T07:59:05.422-05:00  WARN 6226 --- [polizas-api] [           main] JpaBaseConfiguration$JpaWebConfiguration : spring.jpa.open-in-view is enabled by default. Therefore, database queries may be performed during view rendering. Explicitly configure spring.jpa.open-in-view to disable this warning
2026-03-06T07:59:05.523-05:00  INFO 6226 --- [polizas-api] [           main] o.s.b.a.h2.H2ConsoleAutoConfiguration    : H2 console available at '/h2-console'. Database available at 'jdbc:h2:mem:polizasdb'
2026-03-06T07:59:05.547-05:00  INFO 6226 --- [polizas-api] [           main] o.s.b.t.m.w.SpringBootMockServletContext : Initializing Spring TestDispatcherServlet ''
2026-03-06T07:59:05.547-05:00  INFO 6226 --- [polizas-api] [           main] o.s.t.web.servlet.TestDispatcherServlet  : Initializing Servlet ''
2026-03-06T07:59:05.547-05:00  INFO 6226 --- [polizas-api] [           main] o.s.t.web.servlet.TestDispatcherServlet  : Completed initialization in 0 ms
2026-03-06T07:59:05.555-05:00  INFO 6226 --- [polizas-api] [           main] c.c.polizas.PolizasApiIntegrationTest    : Started PolizasApiIntegrationTest in 1.307 seconds (process running for 1.68)
2026-03-06T07:59:05.924-05:00  INFO 6226 --- [polizas-api] [           main] c.c.polizas.config.CorrelationIdFilter   : Request POST /polizas/3/renovar correlationId=5e297942-bff2-4188-87cb-47b3b964e288
]]></system-out>
    <system-err><![CDATA[WARNING: A Java agent has been loaded dynamically (/Users/andersonlugo/.m2/repository/net/bytebuddy/byte-buddy-agent/1.14.19/byte-buddy-agent-1.14.19.jar)
WARNING: If a serviceability tool is in use, please run with -XX:+EnableDynamicAgentLoading to hide this warning
WARNING: If a serviceability tool is not in use, please run with -Djdk.instrument.traceUsage for more information
WARNING: Dynamic loading of agents will be disallowed by default in a future release
]]></system-err>
  </testcase>
  <testcase name="requestSinApiKeyRetorna401" classname="com.company.polizas.PolizasApiIntegrationTest" time="0.004">
    <system-out><![CDATA[2026-03-06T07:59:05.967-05:00  INFO 6226 --- [polizas-api] [           main] c.c.polizas.config.CorrelationIdFilter   : Request GET /polizas correlationId=a413ce5b-0d42-4a88-8ae9-f1669d45936e
]]></system-out>
  </testcase>
  <testcase name="getPolizasFiltraCorrectamente" classname="com.company.polizas.PolizasApiIntegrationTest" time="0.018">
    <system-out><![CDATA[2026-03-06T07:59:05.972-05:00  INFO 6226 --- [polizas-api] [           main] c.c.polizas.config.CorrelationIdFilter   : Request GET /polizas correlationId=14546309-9e83-4840-816b-b74e562b6ed4
]]></system-out>
  </testcase>
  <testcase name="agregarRiesgoAPolizaIndividualRetorna400" classname="com.company.polizas.PolizasApiIntegrationTest" time="0.025">
    <system-out><![CDATA[2026-03-06T07:59:05.992-05:00  INFO 6226 --- [polizas-api] [           main] c.c.polizas.config.CorrelationIdFilter   : Request POST /polizas/1/riesgos correlationId=1165cb60-8c56-48e6-a93a-0a8f4ecdb558
]]></system-out>
  </testcase>
  <testcase name="cancelarPolizaCancelaTodosLosRiesgos" classname="com.company.polizas.PolizasApiIntegrationTest" time="0.014">
    <system-out><![CDATA[2026-03-06T07:59:06.018-05:00  INFO 6226 --- [polizas-api] [           main] c.c.polizas.config.CorrelationIdFilter   : Request POST /polizas/2/cancelar correlationId=6d8e2831-1690-4e35-be5a-4c17db7fbb3e
2026-03-06T07:59:06.019-05:00  INFO 6226 --- [polizas-api] [           main] c.c.polizas.service.CoreMockService      : Se intento enviar al CORE: evento=ACTUALIZACION, polizaId=2
2026-03-06T07:59:06.019-05:00  INFO 6226 --- [polizas-api] [           main] c.c.polizas.service.CoreMockService      : [CORE-MOCK] Evento recibido: evento=ACTUALIZACION, polizaId=2
2026-03-06T07:59:06.026-05:00  INFO 6226 --- [polizas-api] [           main] c.c.polizas.config.CorrelationIdFilter   : Request GET /polizas/2/riesgos correlationId=60519f1b-cda8-46f3-a5ae-023d0d3687d0
]]></system-out>
  </testcase>
</testsuite>