<?xml version="1.0" encoding="UTF-8"?>
<testsuite xmlns:xsi="http://www.w3.org/2001/XMLSchema-instance" xsi:noNamespaceSchemaLocation="https://maven.apache.org/surefire/maven-surefire-plugin/xsd/surefire-test-report-3.0.xsd" version="3.0" name="com.company.polizas.PolizasApiIntegrationTest" time="2.061" tests="5" errors="0" skipped="0" failures="0">
  <properties>
[...]
</properties>
  <testcase name="renovarPolizaCanceladaRetorna400" classname="com.company.polizas.PolizasApiIntegrationTest" time="0.284">
    <system-out><![CDATA[16:25:29.471 [main] INFO org.springframework.test.context.support.AnnotationConfigContextLoaderUtils -- Could not detect default configuration classes for test class [com.company.polizas.PolizasApiIntegrationTest]: PolizasApiIntegrationTest does not declare any static, non-private, non-final, nested classes annotated with @Configuration.
16:25:29.510 [main] INFO org.springframework.boot.test.context.SpringBootTestContextBootstrapper -- Found @SpringBootConfiguration com.company.polizas.PolizasApplication for test class com.company.polizas.PolizasApiIntegrationTest

  .   ____          _            __ _ _
 /\\ / ___'_ __ _ _(_)_ __  __ _ \ \ \ \
( ( )\___ | '_ | '_| | '_ \/ _` | \ \ \ \
 \\/  ___)| |_)| | | | | || (_| |  ) ) ) )
  '  |____| .__|_| |_|_| |_\__, | / / / /
 =========|_|==============|___/=/_/_/_/

 :: Spring Boot ::                (v3.3.8)

2026-02-27T16:25:29.652-05:00  INFO 33318 --- [polizas-api] [           main] c.c.polizas.PolizasApiIntegrationTest    : Starting PolizasApiIntegrationTest using Java 25.0.2 with PID 33318 (started by andersonlugo in /Users/andersonlugo/Library/CloudStorage/SynologyDrive-on-demand/works/GitHub/prueba-seguros-bolivar)
2026-02-27T16:25:29.652-05:00  INFO 33318 --- [polizas-api] [           main] c.c.polizas.PolizasApiIntegrationTest    : No active profile set, falling back to 1 default profile: "default"
2026-02-27T16:25:29.882-05:00  INFO 33318 --- [polizas-api] [           main] .s.d.r.c.RepositoryConfigurationDelegate : Bootstrapping Spring Data JPA repositories in DEFAULT mode.
2026-02-27T16:25:29.900-05:00  INFO 33318 --- [polizas-api] [           main] .s.d.r.c.RepositoryConfigurationDelegate : Finished Spring Data repository scanning in 15 ms. Found 2 JPA repository interfaces.
2026-02-27T16:25:30.050-05:00  INFO 33318 --- [polizas-api] [           main] o.hibernate.jpa.internal.util.LogHelper  : HHH000204: Processing PersistenceUnitInfo [name: default]
2026-02-27T16:25:30.077-05:00  INFO 33318 --- [polizas-api] [           main] org.hibernate.Version                    : HHH000412: Hibernate ORM core version 6.5.3.Final
2026-02-27T16:25:30.090-05:00  INFO 33318 --- [polizas-api] [           main] o.h.c.internal.RegionFactoryInitiator    : HHH000026: Second-level cache disabled
2026-02-27T16:25:30.216-05:00  INFO 33318 --- [polizas-api] [           main] o.s.o.j.p.SpringPersistenceUnitInfo      : No LoadTimeWeaver setup: ignoring JPA class transformer
2026-02-27T16:25:30.227-05:00  INFO 33318 --- [polizas-api] [           main] com.zaxxer.hikari.HikariDataSource       : HikariPool-1 - Starting...
2026-02-27T16:25:30.296-05:00  INFO 33318 --- [polizas-api] [           main] com.zaxxer.hikari.pool.HikariPool        : HikariPool-1 - Added connection conn0: url=jdbc:h2:mem:polizasdb user=SA
2026-02-27T16:25:30.297-05:00  INFO 33318 --- [polizas-api] [           main] com.zaxxer.hikari.HikariDataSource       : HikariPool-1 - Start completed.
2026-02-27T16:25:30.674-05:00  INFO 33318 --- [polizas-api] [           main] o.h.e.t.j.p.i.JtaPlatformInitiator       : HHH000489: No JTA platform available (set 'hibernate.transaction.jta.platform' to enable JTA platform integration)
2026-02-27T16:25:30.690-05:00  INFO 33318 --- [polizas-api] [           main] j.LocalContainerEntityManagerFactoryBean : Initialized JPA EntityManagerFactory for persistence unit 'default'
2026-02-27T16:25:30.868-05:00  WARN 33318 --- [polizas-api] [           main] JpaBaseConfiguration$JpaWebConfiguration : spring.jpa.open-in-view is enabled by default. Therefore, database queries may be performed during view rendering. Explicitly configure spring.jpa.open-in-view to disable this warning
2026-02-27T16:25:30.976-05:00  INFO 33318 --- [polizas-api] [           main] o.s.b.a.h2.H2ConsoleAutoConfiguration    : H2 console available at '/h2-console'. Database available at 'jdbc:h2:mem:polizasdb'
2026-02-27T16:25:30.992-05:00  INFO 33318 --- [polizas-api] [           main] o.s.b.t.m.w.SpringBootMockServletContext : Initializing Spring TestDispatcherServlet ''
2026-02-27T16:25:30.992-05:00  INFO 33318 --- [polizas-api] [           main] o.s.t.web.servlet.TestDispatcherServlet  : Initializing Servlet ''
2026-02-27T16:25:30.992-05:00  INFO 33318 --- [polizas-api] [           main] o.s.t.web.servlet.TestDispatcherServlet  : Completed initialization in 0 ms
2026-02-27T16:25:30.999-05:00  INFO 33318 --- [polizas-api] [           main] c.c.polizas.PolizasApiIntegrationTest    : Started PolizasApiIntegrationTest in 1.443 seconds (process running for 1.746)
2026-02-27T16:25:31.348-05:00  INFO 33318 --- [polizas-api] [           main] c.c.polizas.config.CorrelationIdFilter   : Request POST /polizas/3/renovar correlationId=e1c2739e-9348-45b2-857c-b1f3200c1eb3
]]></system-out>
    <system-err><![CDATA[WARNING: A Java agent has been loaded dynamically (/tmp/m2repo/net/bytebuddy/byte-buddy-agent/1.14.19/byte-buddy-agent-1.14.19.jar)
WARNING: If a serviceability tool is in use, please run with -XX:+EnableDynamicAgentLoading to hide this warning
WARNING: If a serviceability tool is not in use, please run with -Djdk.instrument.traceUsage for more information
WARNING: Dynamic loading of agents will be disallowed by default in a future release
]]></system-err>
  </testcase>
  <testcase name="requestSinApiKeyRetorna401" classname="com.company.polizas.PolizasApiIntegrationTest" time="0.005">
    <system-out><![CDATA[2026-02-27T16:25:31.404-05:00  INFO 33318 --- [polizas-api] [           main] c.c.polizas.config.CorrelationIdFilter   : Request GET /polizas correlationId=c49c5dce-b9ae-47cb-ad06-4abcd08224dc
]]></system-out>
  </testcase>
  <testcase name="getPolizasFiltraCorrectamente" classname="com.company.polizas.PolizasApiIntegrationTest" time="0.028">
    <system-out><![CDATA[2026-02-27T16:25:31.411-05:00  INFO 33318 --- [polizas-api] [           main] c.c.polizas.config.CorrelationIdFilter   : Request GET /polizas correlationId=bd8033b5-4d04-4c29-a6bd-20408336396d
]]></system-out>
  </testcase>
  <testcase name="agregarRiesgoAPolizaIndividualRetorna400" classname="com.company.polizas.PolizasApiIntegrationTest" time="0.027">
    <system-out><![CDATA[2026-02-27T16:25:31.440-05:00  INFO 33318 --- [polizas-api] [           main] c.c.polizas.config.CorrelationIdFilter   : Request POST /polizas/1/riesgos correlationId=a6402d5a-d11e-47f4-a238-d95f28592588
]]></system-out>
  </testcase>
  <testcase name="cancelarPolizaCancelaTodosLosRiesgos" classname="com.company.polizas.PolizasApiIntegrationTest" time="0.017">
    <system-out><![CDATA[2026-02-27T16:25:31.468-05:00  INFO 33318 --- [polizas-api] [           main] c.c.polizas.config.CorrelationIdFilter   : Request POST /polizas/2/cancelar correlationId=f362f67c-3697-4ea9-907a-c4d9c50d4ad1
2026-02-27T16:25:31.470-05:00  INFO 33318 --- [polizas-api] [           main] c.c.polizas.service.CoreMockService      : Se intento enviar al CORE: evento=ACTUALIZACION, polizaId=2
2026-02-27T16:25:31.470-05:00  INFO 33318 --- [polizas-api] [           main] c.c.polizas.service.CoreMockService      : [CORE-MOCK] Evento recibido: evento=ACTUALIZACION, polizaId=2
2026-02-27T16:25:31.478-05:00  INFO 33318 --- [polizas-api] [           main] c.c.polizas.config.CorrelationIdFilter   : Request GET /polizas/2/riesgos correlationId=e92e9e50-5ac5-4219-9e67-58cf00e16103
]]></system-out>
  </testcase>
</testsuite>